This is pdfTeX, Version 3.14159265-2.6-1.40.18 (TeX Live 2017/Debian) (preloaded format=pdflatex 2019.8.15)  21 AUG 2019 12:03
entering extended mode
 restricted \write18 enabled.
 %&-line parsing enabled.
**SRR'S.tex
(./SRR'S.tex
LaTeX2e <2017-04-15>
Babel <3.18> and hyphenation patterns for 84 language(s) loaded.
(/usr/share/texlive/texmf-dist/tex/latex/base/article.cls
Document Class: article 2014/09/29 v1.4h Standard LaTeX document class
(/usr/share/texlive/texmf-dist/tex/latex/base/size11.clo
File: size11.clo 2014/09/29 v1.4h Standard LaTeX file (size option)
)
\c@part=\count79
\c@section=\count80
\c@subsection=\count81
\c@subsubsection=\count82
\c@paragraph=\count83
\c@subparagraph=\count84
\c@figure=\count85
\c@table=\count86
\abovecaptionskip=\skip41
\belowcaptionskip=\skip42
\bibindent=\dimen102
)
(/usr/share/texlive/texmf-dist/tex/latex/base/inputenc.sty
Package: inputenc 2015/03/17 v1.2c Input encoding file
\inpenc@prehook=\toks14
\inpenc@posthook=\toks15

(/usr/share/texlive/texmf-dist/tex/latex/base/utf8.def
File: utf8.def 2017/01/28 v1.1t UTF-8 support for inputenc
Now handling font encoding OML ...
... no UTF-8 mapping file for font encoding OML
Now handling font encoding T1 ...
... processing UTF-8 mapping file for font encoding T1

(/usr/share/texlive/texmf-dist/tex/latex/base/t1enc.dfu
File: t1enc.dfu 2017/01/28 v1.1t UTF-8 support for inputenc
   defining Unicode char U+00A0 (decimal 160)
   defining Unicode char U+00A1 (decimal 161)
   defining Unicode char U+00A3 (decimal 163)
   defining Unicode char U+00AB (decimal 171)
   defining Unicode char U+00AD (decimal 173)
   defining Unicode char U+00BB (decimal 187)
   defining Unicode char U+00BF (decimal 191)
   defining Unicode char U+00C0 (decimal 192)
   defining Unicode char U+00C1 (decimal 193)
   defining Unicode char U+00C2 (decimal 194)
   defining Unicode char U+00C3 (decimal 195)
   defining Unicode char U+00C4 (decimal 196)
   defining Unicode char U+00C5 (decimal 197)
   defining Unicode char U+00C6 (decimal 198)
   defining Unicode char U+00C7 (decimal 199)
   defining Unicode char U+00C8 (decimal 200)
   defining Unicode char U+00C9 (decimal 201)
   defining Unicode char U+00CA (decimal 202)
   defining Unicode char U+00CB (decimal 203)
   defining Unicode char U+00CC (decimal 204)
   defining Unicode char U+00CD (decimal 205)
   defining Unicode char U+00CE (decimal 206)
   defining Unicode char U+00CF (decimal 207)
   defining Unicode char U+00D0 (decimal 208)
   defining Unicode char U+00D1 (decimal 209)
   defining Unicode char U+00D2 (decimal 210)
   defining Unicode char U+00D3 (decimal 211)
   defining Unicode char U+00D4 (decimal 212)
   defining Unicode char U+00D5 (decimal 213)
   defining Unicode char U+00D6 (decimal 214)
   defining Unicode char U+00D8 (decimal 216)
   defining Unicode char U+00D9 (decimal 217)
   defining Unicode char U+00DA (decimal 218)
   defining Unicode char U+00DB (decimal 219)
   defining Unicode char U+00DC (decimal 220)
   defining Unicode char U+00DD (decimal 221)
   defining Unicode char U+00DE (decimal 222)
   defining Unicode char U+00DF (decimal 223)
   defining Unicode char U+00E0 (decimal 224)
   defining Unicode char U+00E1 (decimal 225)
   defining Unicode char U+00E2 (decimal 226)
   defining Unicode char U+00E3 (decimal 227)
   defining Unicode char U+00E4 (decimal 228)
   defining Unicode char U+00E5 (decimal 229)
   defining Unicode char U+00E6 (decimal 230)
   defining Unicode char U+00E7 (decimal 231)
   defining Unicode char U+00E8 (decimal 232)
   defining Unicode char U+00E9 (decimal 233)
   defining Unicode char U+00EA (decimal 234)
   defining Unicode char U+00EB (decimal 235)
   defining Unicode char U+00EC (decimal 236)
   defining Unicode char U+00ED (decimal 237)
   defining Unicode char U+00EE (decimal 238)
   defining Unicode char U+00EF (decimal 239)
   defining Unicode char U+00F0 (decimal 240)
   defining Unicode char U+00F1 (decimal 241)
   defining Unicode char U+00F2 (decimal 242)
   defining Unicode char U+00F3 (decimal 243)
   defining Unicode char U+00F4 (decimal 244)
   defining Unicode char U+00F5 (decimal 245)
   defining Unicode char U+00F6 (decimal 246)
   defining Unicode char U+00F8 (decimal 248)
   defining Unicode char U+00F9 (decimal 249)
   defining Unicode char U+00FA (decimal 250)
   defining Unicode char U+00FB (decimal 251)
   defining Unicode char U+00FC (decimal 252)
   defining Unicode char U+00FD (decimal 253)
   defining Unicode char U+00FE (decimal 254)
   defining Unicode char U+00FF (decimal 255)
   defining Unicode char U+0100 (decimal 256)
   defining Unicode char U+0101 (decimal 257)
   defining Unicode char U+0102 (decimal 258)
   defining Unicode char U+0103 (decimal 259)
   defining Unicode char U+0104 (decimal 260)
   defining Unicode char U+0105 (decimal 261)
   defining Unicode char U+0106 (decimal 262)
   defining Unicode char U+0107 (decimal 263)
   defining Unicode char U+0108 (decimal 264)
   defining Unicode char U+0109 (decimal 265)
   defining Unicode char U+010A (decimal 266)
   defining Unicode char U+010B (decimal 267)
   defining Unicode char U+010C (decimal 268)
   defining Unicode char U+010D (decimal 269)
   defining Unicode char U+010E (decimal 270)
   defining Unicode char U+010F (decimal 271)
   defining Unicode char U+0110 (decimal 272)
   defining Unicode char U+0111 (decimal 273)
   defining Unicode char U+0112 (decimal 274)
   defining Unicode char U+0113 (decimal 275)
   defining Unicode char U+0114 (decimal 276)
   defining Unicode char U+0115 (decimal 277)
   defining Unicode char U+0116 (decimal 278)
   defining Unicode char U+0117 (decimal 279)
   defining Unicode char U+0118 (decimal 280)
   defining Unicode char U+0119 (decimal 281)
   defining Unicode char U+011A (decimal 282)
   defining Unicode char U+011B (decimal 283)
   defining Unicode char U+011C (decimal 284)
   defining Unicode char U+011D (decimal 285)
   defining Unicode char U+011E (decimal 286)
   defining Unicode char U+011F (decimal 287)
   defining Unicode char U+0120 (decimal 288)
   defining Unicode char U+0121 (decimal 289)
   defining Unicode char U+0122 (decimal 290)
   defining Unicode char U+0123 (decimal 291)
   defining Unicode char U+0124 (decimal 292)
   defining Unicode char U+0125 (decimal 293)
   defining Unicode char U+0128 (decimal 296)
   defining Unicode char U+0129 (decimal 297)
   defining Unicode char U+012A (decimal 298)
   defining Unicode char U+012B (decimal 299)
   defining Unicode char U+012C (decimal 300)
   defining Unicode char U+012D (decimal 301)
   defining Unicode char U+012E (decimal 302)
   defining Unicode char U+012F (decimal 303)
   defining Unicode char U+0130 (decimal 304)
   defining Unicode char U+0131 (decimal 305)
   defining Unicode char U+0132 (decimal 306)
   defining Unicode char U+0133 (decimal 307)
   defining Unicode char U+0134 (decimal 308)
   defining Unicode char U+0135 (decimal 309)
   defining Unicode char U+0136 (decimal 310)
   defining Unicode char U+0137 (decimal 311)
   defining Unicode char U+0139 (decimal 313)
   defining Unicode char U+013A (decimal 314)
   defining Unicode char U+013B (decimal 315)
   defining Unicode char U+013C (decimal 316)
   defining Unicode char U+013D (decimal 317)
   defining Unicode char U+013E (decimal 318)
   defining Unicode char U+0141 (decimal 321)
   defining Unicode char U+0142 (decimal 322)
   defining Unicode char U+0143 (decimal 323)
   defining Unicode char U+0144 (decimal 324)
   defining Unicode char U+0145 (decimal 325)
   defining Unicode char U+0146 (decimal 326)
   defining Unicode char U+0147 (decimal 327)
   defining Unicode char U+0148 (decimal 328)
   defining Unicode char U+014A (decimal 330)
   defining Unicode char U+014B (decimal 331)
   defining Unicode char U+014C (decimal 332)
   defining Unicode char U+014D (decimal 333)
   defining Unicode char U+014E (decimal 334)
   defining Unicode char U+014F (decimal 335)
   defining Unicode char U+0150 (decimal 336)
   defining Unicode char U+0151 (decimal 337)
   defining Unicode char U+0152 (decimal 338)
   defining Unicode char U+0153 (decimal 339)
   defining Unicode char U+0154 (decimal 340)
   defining Unicode char U+0155 (decimal 341)
   defining Unicode char U+0156 (decimal 342)
   defining Unicode char U+0157 (decimal 343)
   defining Unicode char U+0158 (decimal 344)
   defining Unicode char U+0159 (decimal 345)
   defining Unicode char U+015A (decimal 346)
   defining Unicode char U+015B (decimal 347)
   defining Unicode char U+015C (decimal 348)
   defining Unicode char U+015D (decimal 349)
   defining Unicode char U+015E (decimal 350)
   defining Unicode char U+015F (decimal 351)
   defining Unicode char U+0160 (decimal 352)
   defining Unicode char U+0161 (decimal 353)
   defining Unicode char U+0162 (decimal 354)
   defining Unicode char U+0163 (decimal 355)
   defining Unicode char U+0164 (decimal 356)
   defining Unicode char U+0165 (decimal 357)
   defining Unicode char U+0168 (decimal 360)
   defining Unicode char U+0169 (decimal 361)
   defining Unicode char U+016A (decimal 362)
   defining Unicode char U+016B (decimal 363)
   defining Unicode char U+016C (decimal 364)
   defining Unicode char U+016D (decimal 365)
   defining Unicode char U+016E (decimal 366)
   defining Unicode char U+016F (decimal 367)
   defining Unicode char U+0170 (decimal 368)
   defining Unicode char U+0171 (decimal 369)
   defining Unicode char U+0172 (decimal 370)
   defining Unicode char U+0173 (decimal 371)
   defining Unicode char U+0174 (decimal 372)
   defining Unicode char U+0175 (decimal 373)
   defining Unicode char U+0176 (decimal 374)
   defining Unicode char U+0177 (decimal 375)
   defining Unicode char U+0178 (decimal 376)
   defining Unicode char U+0179 (decimal 377)
   defining Unicode char U+017A (decimal 378)
   defining Unicode char U+017B (decimal 379)
   defining Unicode char U+017C (decimal 380)
   defining Unicode char U+017D (decimal 381)
   defining Unicode char U+017E (decimal 382)
   defining Unicode char U+01CD (decimal 461)
   defining Unicode char U+01CE (decimal 462)
   defining Unicode char U+01CF (decimal 463)
   defining Unicode char U+01D0 (decimal 464)
   defining Unicode char U+01D1 (decimal 465)
   defining Unicode char U+01D2 (decimal 466)
   defining Unicode char U+01D3 (decimal 467)
   defining Unicode char U+01D4 (decimal 468)
   defining Unicode char U+01E2 (decimal 482)
   defining Unicode char U+01E3 (decimal 483)
   defining Unicode char U+01E6 (decimal 486)
   defining Unicode char U+01E7 (decimal 487)
   defining Unicode char U+01E8 (decimal 488)
   defining Unicode char U+01E9 (decimal 489)
   defining Unicode char U+01EA (decimal 490)
   defining Unicode char U+01EB (decimal 491)
   defining Unicode char U+01F0 (decimal 496)
   defining Unicode char U+01F4 (decimal 500)
   defining Unicode char U+01F5 (decimal 501)
   defining Unicode char U+0218 (decimal 536)
   defining Unicode char U+0219 (decimal 537)
   defining Unicode char U+021A (decimal 538)
   defining Unicode char U+021B (decimal 539)
   defining Unicode char U+0232 (decimal 562)
   defining Unicode char U+0233 (decimal 563)
   defining Unicode char U+1E02 (decimal 7682)
   defining Unicode char U+1E03 (decimal 7683)
   defining Unicode char U+200C (decimal 8204)
   defining Unicode char U+2010 (decimal 8208)
   defining Unicode char U+2011 (decimal 8209)
   defining Unicode char U+2012 (decimal 8210)
   defining Unicode char U+2013 (decimal 8211)
   defining Unicode char U+2014 (decimal 8212)
   defining Unicode char U+2015 (decimal 8213)
   defining Unicode char U+2018 (decimal 8216)
   defining Unicode char U+2019 (decimal 8217)
   defining Unicode char U+201A (decimal 8218)
   defining Unicode char U+201C (decimal 8220)
   defining Unicode char U+201D (decimal 8221)
   defining Unicode char U+201E (decimal 8222)
   defining Unicode char U+2030 (decimal 8240)
   defining Unicode char U+2031 (decimal 8241)
   defining Unicode char U+2039 (decimal 8249)
   defining Unicode char U+203A (decimal 8250)
   defining Unicode char U+2423 (decimal 9251)
   defining Unicode char U+1E20 (decimal 7712)
   defining Unicode char U+1E21 (decimal 7713)
)
Now handling font encoding OT1 ...
... processing UTF-8 mapping file for font encoding OT1

(/usr/share/texlive/texmf-dist/tex/latex/base/ot1enc.dfu
File: ot1enc.dfu 2017/01/28 v1.1t UTF-8 support for inputenc
   defining Unicode char U+00A0 (decimal 160)
   defining Unicode char U+00A1 (decimal 161)
   defining Unicode char U+00A3 (decimal 163)
   defining Unicode char U+00AD (decimal 173)
   defining Unicode char U+00B8 (decimal 184)
   defining Unicode char U+00BF (decimal 191)
   defining Unicode char U+00C5 (decimal 197)
   defining Unicode char U+00C6 (decimal 198)
   defining Unicode char U+00D8 (decimal 216)
   defining Unicode char U+00DF (decimal 223)
   defining Unicode char U+00E6 (decimal 230)
   defining Unicode char U+00EC (decimal 236)
   defining Unicode char U+00ED (decimal 237)
   defining Unicode char U+00EE (decimal 238)
   defining Unicode char U+00EF (decimal 239)
   defining Unicode char U+00F8 (decimal 248)
   defining Unicode char U+0131 (decimal 305)
   defining Unicode char U+0141 (decimal 321)
   defining Unicode char U+0142 (decimal 322)
   defining Unicode char U+0152 (decimal 338)
   defining Unicode char U+0153 (decimal 339)
   defining Unicode char U+0174 (decimal 372)
   defining Unicode char U+0175 (decimal 373)
   defining Unicode char U+0176 (decimal 374)
   defining Unicode char U+0177 (decimal 375)
   defining Unicode char U+0218 (decimal 536)
   defining Unicode char U+0219 (decimal 537)
   defining Unicode char U+021A (decimal 538)
   defining Unicode char U+021B (decimal 539)
   defining Unicode char U+2013 (decimal 8211)
   defining Unicode char U+2014 (decimal 8212)
   defining Unicode char U+2018 (decimal 8216)
   defining Unicode char U+2019 (decimal 8217)
   defining Unicode char U+201C (decimal 8220)
   defining Unicode char U+201D (decimal 8221)
)
Now handling font encoding OMS ...
... processing UTF-8 mapping file for font encoding OMS

(/usr/share/texlive/texmf-dist/tex/latex/base/omsenc.dfu
File: omsenc.dfu 2017/01/28 v1.1t UTF-8 support for inputenc
   defining Unicode char U+00A7 (decimal 167)
   defining Unicode char U+00B6 (decimal 182)
   defining Unicode char U+00B7 (decimal 183)
   defining Unicode char U+2020 (decimal 8224)
   defining Unicode char U+2021 (decimal 8225)
   defining Unicode char U+2022 (decimal 8226)
)
Now handling font encoding OMX ...
... no UTF-8 mapping file for font encoding OMX
Now handling font encoding U ...
... no UTF-8 mapping file for font encoding U
   defining Unicode char U+00A9 (decimal 169)
   defining Unicode char U+00AA (decimal 170)
   defining Unicode char U+00AE (decimal 174)
   defining Unicode char U+00BA (decimal 186)
   defining Unicode char U+02C6 (decimal 710)
   defining Unicode char U+02DC (decimal 732)
   defining Unicode char U+200C (decimal 8204)
   defining Unicode char U+2026 (decimal 8230)
   defining Unicode char U+2122 (decimal 8482)
   defining Unicode char U+2423 (decimal 9251)
))
(/usr/share/texlive/texmf-dist/tex/generic/babel/babel.sty
Package: babel 2018/02/14 3.18 The Babel package

(/usr/share/texlive/texmf-dist/tex/generic/babel/switch.def
File: switch.def 2018/02/14 3.18 Babel switching mechanism
)
(/usr/share/texlive/texmf-dist/tex/generic/babel-spanish/spanish.ldf
Language: spanish.ldf 2016/03/03 v5.0p Spanish support from the babel system

(/usr/share/texlive/texmf-dist/tex/generic/babel/babel.def
File: babel.def 2018/02/14 3.18 Babel common definitions
\babel@savecnt=\count87
\U@D=\dimen103

(/usr/share/texlive/texmf-dist/tex/generic/babel/txtbabel.def)
\bbl@dirlevel=\count88
)
\es@quottoks=\toks16
\es@quotdepth=\count89
Package babel Info: Making " an active character on input line 561.
Package babel Info: Making . an active character on input line 662.
Package babel Info: Making < an active character on input line 707.
Package babel Info: Making > an active character on input line 707.
))
(/usr/share/texlive/texmf-dist/tex/latex/amsmath/amsmath.sty
Package: amsmath 2017/09/02 v2.17a AMS math features
\@mathmargin=\skip43

For additional information on amsmath, use the `?' option.
(/usr/share/texlive/texmf-dist/tex/latex/amsmath/amstext.sty
Package: amstext 2000/06/29 v2.01 AMS text

(/usr/share/texlive/texmf-dist/tex/latex/amsmath/amsgen.sty
File: amsgen.sty 1999/11/30 v2.0 generic functions
\@emptytoks=\toks17
\ex@=\dimen104
))
(/usr/share/texlive/texmf-dist/tex/latex/amsmath/amsbsy.sty
Package: amsbsy 1999/11/29 v1.2d Bold Symbols
\pmbraise@=\dimen105
)
(/usr/share/texlive/texmf-dist/tex/latex/amsmath/amsopn.sty
Package: amsopn 2016/03/08 v2.02 operator names
)
\inf@bad=\count90
LaTeX Info: Redefining \frac on input line 213.
\uproot@=\count91
\leftroot@=\count92
LaTeX Info: Redefining \overline on input line 375.
\classnum@=\count93
\DOTSCASE@=\count94
LaTeX Info: Redefining \ldots on input line 472.
LaTeX Info: Redefining \dots on input line 475.
LaTeX Info: Redefining \cdots on input line 596.
\Mathstrutbox@=\box26
\strutbox@=\box27
\big@size=\dimen106
LaTeX Font Info:    Redeclaring font encoding OML on input line 712.
LaTeX Font Info:    Redeclaring font encoding OMS on input line 713.
\macc@depth=\count95
\c@MaxMatrixCols=\count96
\dotsspace@=\muskip10
\c@parentequation=\count97
\dspbrk@lvl=\count98
\tag@help=\toks18
\row@=\count99
\column@=\count100
\maxfields@=\count101
\andhelp@=\toks19
\eqnshift@=\dimen107
\alignsep@=\dimen108
\tagshift@=\dimen109
\tagwidth@=\dimen110
\totwidth@=\dimen111
\lineht@=\dimen112
\@envbody=\toks20
\multlinegap=\skip44
\multlinetaggap=\skip45
\mathdisplay@stack=\toks21
LaTeX Info: Redefining \[ on input line 2817.
LaTeX Info: Redefining \] on input line 2818.
)
(/usr/share/texlive/texmf-dist/tex/latex/amsfonts/amsfonts.sty
Package: amsfonts 2013/01/14 v3.01 Basic AMSFonts support
\symAMSa=\mathgroup4
\symAMSb=\mathgroup5
LaTeX Font Info:    Overwriting math alphabet `\mathfrak' in version `bold'
(Font)                  U/euf/m/n --> U/euf/b/n on input line 106.
)
(/usr/share/texlive/texmf-dist/tex/latex/amsfonts/amssymb.sty
Package: amssymb 2013/01/14 v3.01 AMS font symbols
)
(/usr/share/texlive/texmf-dist/tex/latex/float/float.sty
Package: float 2001/11/08 v1.3d Float enhancements (AL)
\c@float@type=\count102
\float@exts=\toks22
\float@box=\box28
\@float@everytoks=\toks23
\@floatcapt=\box29
)
(/usr/share/texlive/texmf-dist/tex/latex/base/textcomp.sty
Package: textcomp 2017/04/05 v2.0i Standard LaTeX package
Package textcomp Info: Sub-encoding information:
(textcomp)               5 = only ISO-Adobe without \textcurrency
(textcomp)               4 = 5 + \texteuro
(textcomp)               3 = 4 + \textohm
(textcomp)               2 = 3 + \textestimated + \textcurrency
(textcomp)               1 = TS1 - \textcircled - \t
(textcomp)               0 = TS1 (full)
(textcomp)             Font families with sub-encoding setting implement
(textcomp)             only a restricted character set as indicated.
(textcomp)             Family '?' is the default used for unknown fonts.
(textcomp)             See the documentation for details.
Package textcomp Info: Setting ? sub-encoding to TS1/1 on input line 79.

(/usr/share/texlive/texmf-dist/tex/latex/base/ts1enc.def
File: ts1enc.def 2001/06/05 v3.0e (jk/car/fm) Standard LaTeX file
Now handling font encoding TS1 ...
... processing UTF-8 mapping file for font encoding TS1

(/usr/share/texlive/texmf-dist/tex/latex/base/ts1enc.dfu
File: ts1enc.dfu 2017/01/28 v1.1t UTF-8 support for inputenc
   defining Unicode char U+00A2 (decimal 162)
   defining Unicode char U+00A3 (decimal 163)
   defining Unicode char U+00A4 (decimal 164)
   defining Unicode char U+00A5 (decimal 165)
   defining Unicode char U+00A6 (decimal 166)
   defining Unicode char U+00A7 (decimal 167)
   defining Unicode char U+00A8 (decimal 168)
   defining Unicode char U+00A9 (decimal 169)
   defining Unicode char U+00AA (decimal 170)
   defining Unicode char U+00AC (decimal 172)
   defining Unicode char U+00AE (decimal 174)
   defining Unicode char U+00AF (decimal 175)
   defining Unicode char U+00B0 (decimal 176)
   defining Unicode char U+00B1 (decimal 177)
   defining Unicode char U+00B2 (decimal 178)
   defining Unicode char U+00B3 (decimal 179)
   defining Unicode char U+00B4 (decimal 180)
   defining Unicode char U+00B5 (decimal 181)
   defining Unicode char U+00B6 (decimal 182)
   defining Unicode char U+00B7 (decimal 183)
   defining Unicode char U+00B9 (decimal 185)
   defining Unicode char U+00BA (decimal 186)
   defining Unicode char U+00BC (decimal 188)
   defining Unicode char U+00BD (decimal 189)
   defining Unicode char U+00BE (decimal 190)
   defining Unicode char U+00D7 (decimal 215)
   defining Unicode char U+00F7 (decimal 247)
   defining Unicode char U+0192 (decimal 402)
   defining Unicode char U+02C7 (decimal 711)
   defining Unicode char U+02D8 (decimal 728)
   defining Unicode char U+02DD (decimal 733)
   defining Unicode char U+0E3F (decimal 3647)
   defining Unicode char U+2016 (decimal 8214)
   defining Unicode char U+2020 (decimal 8224)
   defining Unicode char U+2021 (decimal 8225)
   defining Unicode char U+2022 (decimal 8226)
   defining Unicode char U+2030 (decimal 8240)
   defining Unicode char U+2031 (decimal 8241)
   defining Unicode char U+203B (decimal 8251)
   defining Unicode char U+203D (decimal 8253)
   defining Unicode char U+2044 (decimal 8260)
   defining Unicode char U+204E (decimal 8270)
   defining Unicode char U+2052 (decimal 8274)
   defining Unicode char U+20A1 (decimal 8353)
   defining Unicode char U+20A4 (decimal 8356)
   defining Unicode char U+20A6 (decimal 8358)
   defining Unicode char U+20A9 (decimal 8361)
   defining Unicode char U+20AB (decimal 8363)
   defining Unicode char U+20AC (decimal 8364)
   defining Unicode char U+20B1 (decimal 8369)
   defining Unicode char U+2103 (decimal 8451)
   defining Unicode char U+2116 (decimal 8470)
   defining Unicode char U+2117 (decimal 8471)
   defining Unicode char U+211E (decimal 8478)
   defining Unicode char U+2120 (decimal 8480)
   defining Unicode char U+2122 (decimal 8482)
   defining Unicode char U+2126 (decimal 8486)
   defining Unicode char U+2127 (decimal 8487)
   defining Unicode char U+212E (decimal 8494)
   defining Unicode char U+2190 (decimal 8592)
   defining Unicode char U+2191 (decimal 8593)
   defining Unicode char U+2192 (decimal 8594)
   defining Unicode char U+2193 (decimal 8595)
   defining Unicode char U+2329 (decimal 9001)
   defining Unicode char U+232A (decimal 9002)
   defining Unicode char U+2422 (decimal 9250)
   defining Unicode char U+25E6 (decimal 9702)
   defining Unicode char U+25EF (decimal 9711)
   defining Unicode char U+266A (decimal 9834)
))
LaTeX Info: Redefining \oldstylenums on input line 334.
Package textcomp Info: Setting cmr sub-encoding to TS1/0 on input line 349.
Package textcomp Info: Setting cmss sub-encoding to TS1/0 on input line 350.
Package textcomp Info: Setting cmtt sub-encoding to TS1/0 on input line 351.
Package textcomp Info: Setting cmvtt sub-encoding to TS1/0 on input line 352.
Package textcomp Info: Setting cmbr sub-encoding to TS1/0 on input line 353.
Package textcomp Info: Setting cmtl sub-encoding to TS1/0 on input line 354.
Package textcomp Info: Setting ccr sub-encoding to TS1/0 on input line 355.
Package textcomp Info: Setting ptm sub-encoding to TS1/4 on input line 356.
Package textcomp Info: Setting pcr sub-encoding to TS1/4 on input line 357.
Package textcomp Info: Setting phv sub-encoding to TS1/4 on input line 358.
Package textcomp Info: Setting ppl sub-encoding to TS1/3 on input line 359.
Package textcomp Info: Setting pag sub-encoding to TS1/4 on input line 360.
Package textcomp Info: Setting pbk sub-encoding to TS1/4 on input line 361.
Package textcomp Info: Setting pnc sub-encoding to TS1/4 on input line 362.
Package textcomp Info: Setting pzc sub-encoding to TS1/4 on input line 363.
Package textcomp Info: Setting bch sub-encoding to TS1/4 on input line 364.
Package textcomp Info: Setting put sub-encoding to TS1/5 on input line 365.
Package textcomp Info: Setting uag sub-encoding to TS1/5 on input line 366.
Package textcomp Info: Setting ugq sub-encoding to TS1/5 on input line 367.
Package textcomp Info: Setting ul8 sub-encoding to TS1/4 on input line 368.
Package textcomp Info: Setting ul9 sub-encoding to TS1/4 on input line 369.
Package textcomp Info: Setting augie sub-encoding to TS1/5 on input line 370.
Package textcomp Info: Setting dayrom sub-encoding to TS1/3 on input line 371.
Package textcomp Info: Setting dayroms sub-encoding to TS1/3 on input line 372.

Package textcomp Info: Setting pxr sub-encoding to TS1/0 on input line 373.
Package textcomp Info: Setting pxss sub-encoding to TS1/0 on input line 374.
Package textcomp Info: Setting pxtt sub-encoding to TS1/0 on input line 375.
Package textcomp Info: Setting txr sub-encoding to TS1/0 on input line 376.
Package textcomp Info: Setting txss sub-encoding to TS1/0 on input line 377.
Package textcomp Info: Setting txtt sub-encoding to TS1/0 on input line 378.
Package textcomp Info: Setting lmr sub-encoding to TS1/0 on input line 379.
Package textcomp Info: Setting lmdh sub-encoding to TS1/0 on input line 380.
Package textcomp Info: Setting lmss sub-encoding to TS1/0 on input line 381.
Package textcomp Info: Setting lmssq sub-encoding to TS1/0 on input line 382.
Package textcomp Info: Setting lmvtt sub-encoding to TS1/0 on input line 383.
Package textcomp Info: Setting lmtt sub-encoding to TS1/0 on input line 384.
Package textcomp Info: Setting qhv sub-encoding to TS1/0 on input line 385.
Package textcomp Info: Setting qag sub-encoding to TS1/0 on input line 386.
Package textcomp Info: Setting qbk sub-encoding to TS1/0 on input line 387.
Package textcomp Info: Setting qcr sub-encoding to TS1/0 on input line 388.
Package textcomp Info: Setting qcs sub-encoding to TS1/0 on input line 389.
Package textcomp Info: Setting qpl sub-encoding to TS1/0 on input line 390.
Package textcomp Info: Setting qtm sub-encoding to TS1/0 on input line 391.
Package textcomp Info: Setting qzc sub-encoding to TS1/0 on input line 392.
Package textcomp Info: Setting qhvc sub-encoding to TS1/0 on input line 393.
Package textcomp Info: Setting futs sub-encoding to TS1/4 on input line 394.
Package textcomp Info: Setting futx sub-encoding to TS1/4 on input line 395.
Package textcomp Info: Setting futj sub-encoding to TS1/4 on input line 396.
Package textcomp Info: Setting hlh sub-encoding to TS1/3 on input line 397.
Package textcomp Info: Setting hls sub-encoding to TS1/3 on input line 398.
Package textcomp Info: Setting hlst sub-encoding to TS1/3 on input line 399.
Package textcomp Info: Setting hlct sub-encoding to TS1/5 on input line 400.
Package textcomp Info: Setting hlx sub-encoding to TS1/5 on input line 401.
Package textcomp Info: Setting hlce sub-encoding to TS1/5 on input line 402.
Package textcomp Info: Setting hlcn sub-encoding to TS1/5 on input line 403.
Package textcomp Info: Setting hlcw sub-encoding to TS1/5 on input line 404.
Package textcomp Info: Setting hlcf sub-encoding to TS1/5 on input line 405.
Package textcomp Info: Setting pplx sub-encoding to TS1/3 on input line 406.
Package textcomp Info: Setting pplj sub-encoding to TS1/3 on input line 407.
Package textcomp Info: Setting ptmx sub-encoding to TS1/4 on input line 408.
Package textcomp Info: Setting ptmj sub-encoding to TS1/4 on input line 409.
)
(/usr/share/texlive/texmf-dist/tex/latex/graphics/graphicx.sty
Package: graphicx 2017/06/01 v1.1a Enhanced LaTeX Graphics (DPC,SPQR)

(/usr/share/texlive/texmf-dist/tex/latex/graphics/keyval.sty
Package: keyval 2014/10/28 v1.15 key=value parser (DPC)
\KV@toks@=\toks24
)
(/usr/share/texlive/texmf-dist/tex/latex/graphics/graphics.sty
Package: graphics 2017/06/25 v1.2c Standard LaTeX Graphics (DPC,SPQR)

(/usr/share/texlive/texmf-dist/tex/latex/graphics/trig.sty
Package: trig 2016/01/03 v1.10 sin cos tan (DPC)
)
(/usr/share/texlive/texmf-dist/tex/latex/graphics-cfg/graphics.cfg
File: graphics.cfg 2016/06/04 v1.11 sample graphics configuration
)
Package graphics Info: Driver file: pdftex.def on input line 99.

(/usr/share/texlive/texmf-dist/tex/latex/graphics-def/pdftex.def
File: pdftex.def 2018/01/08 v1.0l Graphics/color driver for pdftex
))
\Gin@req@height=\dimen113
\Gin@req@width=\dimen114
)
(/usr/share/texlive/texmf-dist/tex/latex/subfigure/subfigure.sty
Package: subfigure 2002/03/15 v2.1.5 subfigure package
\subfigtopskip=\skip46
\subfigcapskip=\skip47
\subfigcaptopadj=\dimen115
\subfigbottomskip=\skip48
\subfigcapmargin=\dimen116
\subfiglabelskip=\skip49
\c@subfigure=\count103
\c@lofdepth=\count104
\c@subtable=\count105
\c@lotdepth=\count106

****************************************
* Local config file subfigure.cfg used *
****************************************
(/usr/share/texlive/texmf-dist/tex/latex/subfigure/subfigure.cfg)
\subfig@top=\skip50
\subfig@bottom=\skip51
)
(/usr/share/texlive/texmf-dist/tex/latex/listings/listings.sty
\lst@mode=\count107
\lst@gtempboxa=\box30
\lst@token=\toks25
\lst@length=\count108
\lst@currlwidth=\dimen117
\lst@column=\count109
\lst@pos=\count110
\lst@lostspace=\dimen118
\lst@width=\dimen119
\lst@newlines=\count111
\lst@lineno=\count112
\lst@maxwidth=\dimen120

(/usr/share/texlive/texmf-dist/tex/latex/listings/lstmisc.sty
File: lstmisc.sty 2015/06/04 1.6 (Carsten Heinz)
\c@lstnumber=\count113
\lst@skipnumbers=\count114
\lst@framebox=\box31
)
(/usr/share/texlive/texmf-dist/tex/latex/listings/listings.cfg
File: listings.cfg 2015/06/04 1.6 listings configuration
))
Package: listings 2015/06/04 1.6 (Carsten Heinz)

(/usr/share/texlive/texmf-dist/tex/latex/tools/verbatim.sty
Package: verbatim 2014/10/28 v1.5q LaTeX2e package for verbatim enhancements
\every@verbatim=\toks26
\verbatim@line=\toks27
\verbatim@in@stream=\read1
)
(/usr/share/texlive/texmf-dist/tex/latex/geometry/geometry.sty
Package: geometry 2010/09/12 v5.6 Page Geometry

(/usr/share/texlive/texmf-dist/tex/generic/oberdiek/ifpdf.sty
Package: ifpdf 2017/03/15 v3.2 Provides the ifpdf switch
)
(/usr/share/texlive/texmf-dist/tex/generic/oberdiek/ifvtex.sty
Package: ifvtex 2016/05/16 v1.6 Detect VTeX and its facilities (HO)
Package ifvtex Info: VTeX not detected.
)
(/usr/share/texlive/texmf-dist/tex/generic/ifxetex/ifxetex.sty
Package: ifxetex 2010/09/12 v0.6 Provides ifxetex conditional
)
\Gm@cnth=\count115
\Gm@cntv=\count116
\c@Gm@tempcnt=\count117
\Gm@bindingoffset=\dimen121
\Gm@wd@mp=\dimen122
\Gm@odd@mp=\dimen123
\Gm@even@mp=\dimen124
\Gm@layoutwidth=\dimen125
\Gm@layoutheight=\dimen126
\Gm@layouthoffset=\dimen127
\Gm@layoutvoffset=\dimen128
\Gm@dimlist=\toks28
) (./SRR'S.aux
LaTeX Info: Redefining \. on input line 6.
LaTeX Info: Redefining \% on input line 6.
)
\openout1 = `SRR'S.aux'.

LaTeX Font Info:    Checking defaults for OML/cmm/m/it on input line 14.
LaTeX Font Info:    ... okay on input line 14.
LaTeX Font Info:    Checking defaults for T1/cmr/m/n on input line 14.
LaTeX Font Info:    ... okay on input line 14.
LaTeX Font Info:    Checking defaults for OT1/cmr/m/n on input line 14.
LaTeX Font Info:    ... okay on input line 14.
LaTeX Font Info:    Checking defaults for OMS/cmsy/m/n on input line 14.
LaTeX Font Info:    ... okay on input line 14.
LaTeX Font Info:    Checking defaults for OMX/cmex/m/n on input line 14.
LaTeX Font Info:    ... okay on input line 14.
LaTeX Font Info:    Checking defaults for U/cmr/m/n on input line 14.
LaTeX Font Info:    ... okay on input line 14.
LaTeX Font Info:    Checking defaults for TS1/cmr/m/n on input line 14.
LaTeX Font Info:    Try loading font information for TS1+cmr on input line 14.

(/usr/share/texlive/texmf-dist/tex/latex/base/ts1cmr.fd
File: ts1cmr.fd 2014/09/29 v2.5h Standard LaTeX font definitions
)
LaTeX Font Info:    ... okay on input line 14.
LaTeX Info: Redefining \. on input line 14.
LaTeX Info: Redefining \% on input line 14.

(/usr/share/texlive/texmf-dist/tex/context/base/mkii/supp-pdf.mkii
[Loading MPS to PDF converter (version 2006.09.02).]
\scratchcounter=\count118
\scratchdimen=\dimen129
\scratchbox=\box32
\nofMPsegments=\count119
\nofMParguments=\count120
\everyMPshowfont=\toks29
\MPscratchCnt=\count121
\MPscratchDim=\dimen130
\MPnumerator=\count122
\makeMPintoPDFobject=\count123
\everyMPtoPDFconversion=\toks30
) (/usr/share/texlive/texmf-dist/tex/latex/oberdiek/epstopdf-base.sty
Package: epstopdf-base 2016/05/15 v2.6 Base part for package epstopdf

(/usr/share/texlive/texmf-dist/tex/generic/oberdiek/infwarerr.sty
Package: infwarerr 2016/05/16 v1.4 Providing info/warning/error messages (HO)
)
(/usr/share/texlive/texmf-dist/tex/latex/oberdiek/grfext.sty
Package: grfext 2016/05/16 v1.2 Manage graphics extensions (HO)

(/usr/share/texlive/texmf-dist/tex/generic/oberdiek/kvdefinekeys.sty
Package: kvdefinekeys 2016/05/16 v1.4 Define keys (HO)

(/usr/share/texlive/texmf-dist/tex/generic/oberdiek/ltxcmds.sty
Package: ltxcmds 2016/05/16 v1.23 LaTeX kernel commands for general use (HO)
)))
(/usr/share/texlive/texmf-dist/tex/latex/oberdiek/kvoptions.sty
Package: kvoptions 2016/05/16 v3.12 Key value format for package options (HO)

(/usr/share/texlive/texmf-dist/tex/generic/oberdiek/kvsetkeys.sty
Package: kvsetkeys 2016/05/16 v1.17 Key value parser (HO)

(/usr/share/texlive/texmf-dist/tex/generic/oberdiek/etexcmds.sty
Package: etexcmds 2016/05/16 v1.6 Avoid name clashes with e-TeX commands (HO)

(/usr/share/texlive/texmf-dist/tex/generic/oberdiek/ifluatex.sty
Package: ifluatex 2016/05/16 v1.4 Provides the ifluatex switch (HO)
Package ifluatex Info: LuaTeX not detected.
)
Package etexcmds Info: Could not find \expanded.
(etexcmds)             That can mean that you are not using pdfTeX 1.50 or
(etexcmds)             that some package has redefined \expanded.
(etexcmds)             In the latter case, load this package earlier.
)))
(/usr/share/texlive/texmf-dist/tex/generic/oberdiek/pdftexcmds.sty
Package: pdftexcmds 2018/01/21 v0.26 Utility functions of pdfTeX for LuaTeX (HO
)
Package pdftexcmds Info: LuaTeX not detected.
Package pdftexcmds Info: \pdf@primitive is available.
Package pdftexcmds Info: \pdf@ifprimitive is available.
Package pdftexcmds Info: \pdfdraftmode found.
)
Package epstopdf-base Info: Redefining graphics rule for `.eps' on input line 4
38.
Package grfext Info: Graphics extension search list:
(grfext)             [.pdf,.png,.jpg,.mps,.jpeg,.jbig2,.jb2,.PDF,.PNG,.JPG,.JPE
G,.JBIG2,.JB2,.eps]
(grfext)             \AppendGraphicsExtensions on input line 456.

(/usr/share/texlive/texmf-dist/tex/latex/latexconfig/epstopdf-sys.cfg
File: epstopdf-sys.cfg 2010/07/13 v1.3 Configuration of (r)epstopdf for TeX Liv
e
))
\c@lstlisting=\count124

*geometry* driver: auto-detecting
*geometry* detected driver: pdftex
*geometry* verbose mode - [ preamble ] result:
* driver: pdftex
* paper: letterpaper
* layout: <same size as paper>
* layoutoffset:(h,v)=(0.0pt,0.0pt)
* modes: 
* h-part:(L,W,R)=(56.9055pt, 500.484pt, 56.9055pt)
* v-part:(T,H,B)=(56.9055pt, 681.15898pt, 56.9055pt)
* \paperwidth=614.295pt
* \paperheight=794.96999pt
* \textwidth=500.484pt
* \textheight=681.15898pt
* \oddsidemargin=-15.36449pt
* \evensidemargin=-15.36449pt
* \topmargin=-52.36449pt
* \headheight=12.0pt
* \headsep=25.0pt
* \topskip=11.0pt
* \footskip=30.0pt
* \marginparwidth=4.0pt
* \marginparsep=10.0pt
* \columnsep=10.0pt
* \skip\footins=10.0pt plus 4.0pt minus 2.0pt
* \hoffset=0.0pt
* \voffset=0.0pt
* \mag=1000
* \@twocolumntrue
* \@twosidefalse
* \@mparswitchfalse
* \@reversemarginfalse
* (1in=72.27pt=25.4mm, 1cm=28.453pt)

LaTeX Font Info:    Try loading font information for U+msa on input line 42.
(/usr/share/texlive/texmf-dist/tex/latex/amsfonts/umsa.fd
File: umsa.fd 2013/01/14 v3.01 AMS symbols A
)
LaTeX Font Info:    Try loading font information for U+msb on input line 42.

(/usr/share/texlive/texmf-dist/tex/latex/amsfonts/umsb.fd
File: umsb.fd 2013/01/14 v3.01 AMS symbols B
)
Underfull \hbox (badness 10000) in paragraph at lines 42--42

 []


Underfull \hbox (badness 10000) in paragraph at lines 42--42

 []


Underfull \hbox (badness 1270) in paragraph at lines 45--46
\OT1/cmr/m/n/10.95 ana-liz^^So de for-ma hi-pot^^Seti-ca el com-por-ta-mien-to
 []


Underfull \hbox (badness 4492) in paragraph at lines 45--46
\OT1/cmr/m/n/10.95 fun-da-men-tal de es-tos ma-te-ria-les de-no-mi-na-dos
 []


Underfull \hbox (badness 2418) in paragraph at lines 45--46
\OT1/cmr/m/n/10.95 elec-tro-magn^^Seti-ca, es de-cir, tie-nen una fun-ci^^Son
 []


Underfull \hbox (badness 10000) in paragraph at lines 45--46

 []


LaTeX Warning: Command \textendash invalid in math mode on input line 47.


Underfull \vbox (badness 1552) has occurred while \output is active []


Underfull \vbox (badness 10000) has occurred while \output is active []

 [1{/var/lib/texmf/fonts/map/pdftex/updmap/pdftex.map}


]
Underfull \hbox (badness 2564) in paragraph at lines 49--50
\OT1/cmr/m/n/10.95 pro-du-cen gran-des va-lo-res de ca-pa-ci-tan-cia que
 []


Underfull \hbox (badness 10000) in paragraph at lines 49--50

 []

<srr.png, id=17, 419.5675pt x 67.25125pt>
File: srr.png Graphic file (type png)
<use srr.png>
Package pdftex.def Info: srr.png  used on input line 56.
(pdftex.def)             Requested size: 188.80362pt x 30.26277pt.

LaTeX Warning: `!h' float specifier changed to `!ht'.


Underfull \hbox (badness 10000) in paragraph at lines 60--62

 []


Underfull \hbox (badness 10000) in paragraph at lines 68--69

 []

[2 <./srr.png>]
Underfull \hbox (badness 6396) in paragraph at lines 150--152
\OT1/cmr/m/n/10.95 Utilizando la apro-xi-ma-cion de on-da ro-tan-te
 []


LaTeX Font Warning: Font shape `OT1/cmr/m/n' in size <3> not available
(Font)              size <5> substituted on input line 154.

LaTeX Font Info:    Calculating math sizes for size <3> on input line 155.

LaTeX Font Warning: Font shape `OT1/cmr/m/n' in size <2.09999> not available
(Font)              size <5> substituted on input line 155.


LaTeX Font Warning: Font shape `OT1/cmr/m/n' in size <1.5> not available
(Font)              size <5> substituted on input line 155.


LaTeX Font Warning: Font shape `OML/cmm/m/it' in size <3> not available
(Font)              size <5> substituted on input line 155.


LaTeX Font Warning: Font shape `OML/cmm/m/it' in size <2.09999> not available
(Font)              size <5> substituted on input line 155.


LaTeX Font Warning: Font shape `OML/cmm/m/it' in size <1.5> not available
(Font)              size <5> substituted on input line 155.


LaTeX Font Warning: Font shape `OMS/cmsy/m/n' in size <3> not available
(Font)              size <5> substituted on input line 155.


LaTeX Font Warning: Font shape `OMS/cmsy/m/n' in size <2.09999> not available
(Font)              size <5> substituted on input line 155.


LaTeX Font Warning: Font shape `OMS/cmsy/m/n' in size <1.5> not available
(Font)              size <5> substituted on input line 155.


Overfull \hbox (47.87886pt too wide) detected at line 185
[] [] \OT1/cmr/m/n/5 = []
 []


Overfull \hbox (8.65192pt too wide) detected at line 204
[] [] \OT1/cmr/m/n/9 =
 []

[3]
Overfull \hbox (5.45311pt too wide) detected at line 264
[] \OT1/cmr/m/n/8 =
 []


Overfull \hbox (2.51053pt too wide) detected at line 279
[] [] \OT1/cmr/m/n/6 = [][]
 []


Underfull \hbox (badness 10000) in paragraph at lines 288--288
[]\OT1/cmr/bx/n/14.4 -Implementaci^^Son, in-ter-pre-ta-ci^^Son
 []


Underfull \hbox (badness 2922) in paragraph at lines 289--290
\OT1/cmr/m/n/10.95 di-men-sio-nal de re-so-na-do-res de ani-llo di-vi-di-do
 []


Underfull \hbox (badness 10000) in paragraph at lines 289--290

 []

Package epstopdf Info: Source file: <RDSP-T.eps>
(epstopdf)                    date: 2019-07-24 13:06:32
(epstopdf)                    size: 50057 bytes
(epstopdf)             Output file: <RDSP-T-eps-converted-to.pdf>
(epstopdf)                    date: 2019-07-24 23:00:27
(epstopdf)                    size: 21919 bytes
(epstopdf)             Command: <repstopdf --outfile=RDSP-T-eps-converted-to.pd
f RDSP-T.eps>
(epstopdf)             \includegraphics on input line 294.
Package epstopdf Info: Output file is already uptodate.


pdfTeX warning: pdflatex (file ./RDSP-T-eps-converted-to.pdf): PDF inclusion: f
ound PDF version <1.7>, but at most version <1.5> allowed
<RDSP-T-eps-converted-to.pdf, id=41, 421.575pt x 316.18124pt>
File: RDSP-T-eps-converted-to.pdf Graphic file (type pdf)
<use RDSP-T-eps-converted-to.pdf>
Package pdftex.def Info: RDSP-T-eps-converted-to.pdf  used on input line 294.
(pdftex.def)             Requested size: 193.92685pt x 145.44513pt.
Package epstopdf Info: Source file: <RDSP-E.eps>
(epstopdf)                    date: 2019-07-31 23:01:41
(epstopdf)                    size: 185039 bytes
(epstopdf)             Output file: <RDSP-E-eps-converted-to.pdf>
(epstopdf)                    date: 2019-07-31 23:02:02
(epstopdf)                    size: 133757 bytes
(epstopdf)             Command: <repstopdf --outfile=RDSP-E-eps-converted-to.pd
f RDSP-E.eps>
(epstopdf)             \includegraphics on input line 295.
Package epstopdf Info: Output file is already uptodate.


pdfTeX warning: pdflatex (file ./RDSP-E-eps-converted-to.pdf): PDF inclusion: f
ound PDF version <1.7>, but at most version <1.5> allowed
<RDSP-E-eps-converted-to.pdf, id=42, 421.575pt x 316.18124pt>
File: RDSP-E-eps-converted-to.pdf Graphic file (type pdf)
<use RDSP-E-eps-converted-to.pdf>
Package pdftex.def Info: RDSP-E-eps-converted-to.pdf  used on input line 295.
(pdftex.def)             Requested size: 193.92685pt x 145.44513pt.
Package epstopdf Info: Source file: <SE1011.eps>
(epstopdf)                    date: 2019-07-31 23:11:44
(epstopdf)                    size: 21489 bytes
(epstopdf)             Output file: <SE1011-eps-converted-to.pdf>
(epstopdf)                    date: 2019-07-31 23:16:04
(epstopdf)                    size: 12564 bytes
(epstopdf)             Command: <repstopdf --outfile=SE1011-eps-converted-to.pd
f SE1011.eps>
(epstopdf)             \includegraphics on input line 302.
Package epstopdf Info: Output file is already uptodate.


pdfTeX warning: pdflatex (file ./SE1011-eps-converted-to.pdf): PDF inclusion: f
ound PDF version <1.7>, but at most version <1.5> allowed
<SE1011-eps-converted-to.pdf, id=43, 427.5975pt x 319.1925pt>
File: SE1011-eps-converted-to.pdf Graphic file (type pdf)
<use SE1011-eps-converted-to.pdf>
Package pdftex.def Info: SE1011-eps-converted-to.pdf  used on input line 302.
(pdftex.def)             Requested size: 205.24446pt x 153.21065pt.
Package epstopdf Info: Source file: <SE1012.eps>
(epstopdf)                    date: 2019-07-31 23:15:50
(epstopdf)                    size: 21530 bytes
(epstopdf)             Output file: <SE1012-eps-converted-to.pdf>
(epstopdf)                    date: 2019-07-31 23:16:04
(epstopdf)                    size: 12594 bytes
(epstopdf)             Command: <repstopdf --outfile=SE1012-eps-converted-to.pd
f SE1012.eps>
(epstopdf)             \includegraphics on input line 303.
Package epstopdf Info: Output file is already uptodate.


pdfTeX warning: pdflatex (file ./SE1012-eps-converted-to.pdf): PDF inclusion: f
ound PDF version <1.7>, but at most version <1.5> allowed
<SE1012-eps-converted-to.pdf, id=44, 421.575pt x 316.18124pt>
File: SE1012-eps-converted-to.pdf Graphic file (type pdf)
<use SE1012-eps-converted-to.pdf>
Package pdftex.def Info: SE1012-eps-converted-to.pdf  used on input line 303.
(pdftex.def)             Requested size: 202.3537pt x 151.76526pt.

Underfull \vbox (badness 3769) has occurred while \output is active []

 [4 <./RDSP-T-eps-converted-to.pdf> <./RDSP-E-eps-converted-to.pdf>]
Package epstopdf Info: Source file: <FS-2.eps>
(epstopdf)                    date: 2019-07-31 23:21:33
(epstopdf)                    size: 259659 bytes
(epstopdf)             Output file: <FS-2-eps-converted-to.pdf>
(epstopdf)                    date: 2019-07-31 23:44:02
(epstopdf)                    size: 80023 bytes
(epstopdf)             Command: <repstopdf --outfile=FS-2-eps-converted-to.pdf 
FS-2.eps>
(epstopdf)             \includegraphics on input line 309.
Package epstopdf Info: Output file is already uptodate.


pdfTeX warning: pdflatex (file ./FS-2-eps-converted-to.pdf): PDF inclusion: fou
nd PDF version <1.7>, but at most version <1.5> allowed
<FS-2-eps-converted-to.pdf, id=65, 421.575pt x 316.18124pt>
File: FS-2-eps-converted-to.pdf Graphic file (type pdf)
<use FS-2-eps-converted-to.pdf>
Package pdftex.def Info: FS-2-eps-converted-to.pdf  used on input line 309.
(pdftex.def)             Requested size: 202.3537pt x 151.76526pt.
Package epstopdf Info: Source file: <FS-N.eps>
(epstopdf)                    date: 2019-07-24 18:19:40
(epstopdf)                    size: 260089 bytes
(epstopdf)             Output file: <FS-N-eps-converted-to.pdf>
(epstopdf)                    date: 2019-07-24 23:01:34
(epstopdf)                    size: 79313 bytes
(epstopdf)             Command: <repstopdf --outfile=FS-N-eps-converted-to.pdf 
FS-N.eps>
(epstopdf)             \includegraphics on input line 310.
Package epstopdf Info: Output file is already uptodate.


pdfTeX warning: pdflatex (file ./FS-N-eps-converted-to.pdf): PDF inclusion: fou
nd PDF version <1.7>, but at most version <1.5> allowed
<FS-N-eps-converted-to.pdf, id=66, 421.575pt x 316.18124pt>
File: FS-N-eps-converted-to.pdf Graphic file (type pdf)
<use FS-N-eps-converted-to.pdf>
Package pdftex.def Info: FS-N-eps-converted-to.pdf  used on input line 310.
(pdftex.def)             Requested size: 202.3537pt x 151.76526pt.

Underfull \hbox (badness 10000) in paragraph at lines 309--311
[][]
 []

Package epstopdf Info: Source file: <SS-0.eps>
(epstopdf)                    date: 2019-07-31 23:33:21
(epstopdf)                    size: 40242 bytes
(epstopdf)             Output file: <SS-0-eps-converted-to.pdf>
(epstopdf)                    date: 2019-07-31 23:44:03
(epstopdf)                    size: 14051 bytes
(epstopdf)             Command: <repstopdf --outfile=SS-0-eps-converted-to.pdf 
SS-0.eps>
(epstopdf)             \includegraphics on input line 317.
Package epstopdf Info: Output file is already uptodate.


pdfTeX warning: pdflatex (file ./SS-0-eps-converted-to.pdf): PDF inclusion: fou
nd PDF version <1.7>, but at most version <1.5> allowed
<SS-0-eps-converted-to.pdf, id=67, 421.575pt x 316.18124pt>
File: SS-0-eps-converted-to.pdf Graphic file (type pdf)
<use SS-0-eps-converted-to.pdf>
Package pdftex.def Info: SS-0-eps-converted-to.pdf  used on input line 317.
(pdftex.def)             Requested size: 189.70699pt x 142.28024pt.
Package epstopdf Info: Source file: <SA-0.eps>
(epstopdf)                    date: 2019-07-31 23:33:35
(epstopdf)                    size: 40238 bytes
(epstopdf)             Output file: <SA-0-eps-converted-to.pdf>
(epstopdf)                    date: 2019-07-31 23:44:03
(epstopdf)                    size: 14047 bytes
(epstopdf)             Command: <repstopdf --outfile=SA-0-eps-converted-to.pdf 
SA-0.eps>
(epstopdf)             \includegraphics on input line 317.
Package epstopdf Info: Output file is already uptodate.


pdfTeX warning: pdflatex (file ./SA-0-eps-converted-to.pdf): PDF inclusion: fou
nd PDF version <1.7>, but at most version <1.5> allowed
<SA-0-eps-converted-to.pdf, id=68, 421.575pt x 316.18124pt>
File: SA-0-eps-converted-to.pdf Graphic file (type pdf)
<use SA-0-eps-converted-to.pdf>
Package pdftex.def Info: SA-0-eps-converted-to.pdf  used on input line 317.
(pdftex.def)             Requested size: 189.70699pt x 142.28024pt.
Package epstopdf Info: Source file: <SS-05.eps>
(epstopdf)                    date: 2019-07-31 23:36:02
(epstopdf)                    size: 40320 bytes
(epstopdf)             Output file: <SS-05-eps-converted-to.pdf>
(epstopdf)                    date: 2019-07-31 23:44:04
(epstopdf)                    size: 14174 bytes
(epstopdf)             Command: <repstopdf --outfile=SS-05-eps-converted-to.pdf
 SS-05.eps>
(epstopdf)             \includegraphics on input line 318.
Package epstopdf Info: Output file is already uptodate.


pdfTeX warning: pdflatex (file ./SS-05-eps-converted-to.pdf): PDF inclusion: fo
und PDF version <1.7>, but at most version <1.5> allowed
<SS-05-eps-converted-to.pdf, id=69, 427.5975pt x 319.1925pt>
File: SS-05-eps-converted-to.pdf Graphic file (type pdf)
<use SS-05-eps-converted-to.pdf>
Package pdftex.def Info: SS-05-eps-converted-to.pdf  used on input line 318.
(pdftex.def)             Requested size: 192.41708pt x 143.63528pt.
Package epstopdf Info: Source file: <SA-05.eps>
(epstopdf)                    date: 2019-07-31 23:36:42
(epstopdf)                    size: 40295 bytes
(epstopdf)             Output file: <SA-05-eps-converted-to.pdf>
(epstopdf)                    date: 2019-07-31 23:44:04
(epstopdf)                    size: 14271 bytes
(epstopdf)             Command: <repstopdf --outfile=SA-05-eps-converted-to.pdf
 SA-05.eps>
(epstopdf)             \includegraphics on input line 318.
Package epstopdf Info: Output file is already uptodate.


pdfTeX warning: pdflatex (file ./SA-05-eps-converted-to.pdf): PDF inclusion: fo
und PDF version <1.7>, but at most version <1.5> allowed
<SA-05-eps-converted-to.pdf, id=70, 421.575pt x 316.18124pt>
File: SA-05-eps-converted-to.pdf Graphic file (type pdf)
<use SA-05-eps-converted-to.pdf>
Package pdftex.def Info: SA-05-eps-converted-to.pdf  used on input line 318.
(pdftex.def)             Requested size: 189.70699pt x 142.28024pt.
Package epstopdf Info: Source file: <SS-127.eps>
(epstopdf)                    date: 2019-07-31 23:35:10
(epstopdf)                    size: 41023 bytes
(epstopdf)             Output file: <SS-127-eps-converted-to.pdf>
(epstopdf)                    date: 2019-07-31 23:44:05
(epstopdf)                    size: 14445 bytes
(epstopdf)             Command: <repstopdf --outfile=SS-127-eps-converted-to.pd
f SS-127.eps>
(epstopdf)             \includegraphics on input line 319.
Package epstopdf Info: Output file is already uptodate.


pdfTeX warning: pdflatex (file ./SS-127-eps-converted-to.pdf): PDF inclusion: f
ound PDF version <1.7>, but at most version <1.5> allowed
<SS-127-eps-converted-to.pdf, id=71, 421.575pt x 316.18124pt>
File: SS-127-eps-converted-to.pdf Graphic file (type pdf)
<use SS-127-eps-converted-to.pdf>
Package pdftex.def Info: SS-127-eps-converted-to.pdf  used on input line 319.
(pdftex.def)             Requested size: 189.70699pt x 142.28024pt.
Package epstopdf Info: Source file: <SA-127.eps>
(epstopdf)                    date: 2019-07-31 23:35:33
(epstopdf)                    size: 41021 bytes
(epstopdf)             Output file: <SA-127-eps-converted-to.pdf>
(epstopdf)                    date: 2019-07-31 23:44:05
(epstopdf)                    size: 14469 bytes
(epstopdf)             Command: <repstopdf --outfile=SA-127-eps-converted-to.pd
f SA-127.eps>
(epstopdf)             \includegraphics on input line 319.
Package epstopdf Info: Output file is already uptodate.


pdfTeX warning: pdflatex (file ./SA-127-eps-converted-to.pdf): PDF inclusion: f
ound PDF version <1.7>, but at most version <1.5> allowed
<SA-127-eps-converted-to.pdf, id=72, 421.575pt x 316.18124pt>
File: SA-127-eps-converted-to.pdf Graphic file (type pdf)
<use SA-127-eps-converted-to.pdf>
Package pdftex.def Info: SA-127-eps-converted-to.pdf  used on input line 319.
(pdftex.def)             Requested size: 189.70699pt x 142.28024pt.
Package epstopdf Info: Source file: <SS-159.eps>
(epstopdf)                    date: 2019-07-31 23:37:32
(epstopdf)                    size: 42229 bytes
(epstopdf)             Output file: <SS-159-eps-converted-to.pdf>
(epstopdf)                    date: 2019-07-31 23:44:05
(epstopdf)                    size: 16347 bytes
(epstopdf)             Command: <repstopdf --outfile=SS-159-eps-converted-to.pd
f SS-159.eps>
(epstopdf)             \includegraphics on input line 320.
Package epstopdf Info: Output file is already uptodate.


pdfTeX warning: pdflatex (file ./SS-159-eps-converted-to.pdf): PDF inclusion: f
ound PDF version <1.7>, but at most version <1.5> allowed
<SS-159-eps-converted-to.pdf, id=73, 421.575pt x 316.18124pt>
File: SS-159-eps-converted-to.pdf Graphic file (type pdf)
<use SS-159-eps-converted-to.pdf>
Package pdftex.def Info: SS-159-eps-converted-to.pdf  used on input line 320.
(pdftex.def)             Requested size: 189.70699pt x 142.28024pt.
Package epstopdf Info: Source file: <SA-159.eps>
(epstopdf)                    date: 2019-07-31 23:38:04
(epstopdf)                    size: 42243 bytes
(epstopdf)             Output file: <SA-159-eps-converted-to.pdf>
(epstopdf)                    date: 2019-07-31 23:44:06
(epstopdf)                    size: 16409 bytes
(epstopdf)             Command: <repstopdf --outfile=SA-159-eps-converted-to.pd
f SA-159.eps>
(epstopdf)             \includegraphics on input line 320.
Package epstopdf Info: Output file is already uptodate.


pdfTeX warning: pdflatex (file ./SA-159-eps-converted-to.pdf): PDF inclusion: f
ound PDF version <1.7>, but at most version <1.5> allowed
<SA-159-eps-converted-to.pdf, id=74, 421.575pt x 316.18124pt>
File: SA-159-eps-converted-to.pdf Graphic file (type pdf)
<use SA-159-eps-converted-to.pdf>
Package pdftex.def Info: SA-159-eps-converted-to.pdf  used on input line 320.
(pdftex.def)             Requested size: 189.70699pt x 142.28024pt.

LaTeX Warning: Float too large for page by 11.45038pt on input line 322.

Package epstopdf Info: Source file: <QvstS.eps>
(epstopdf)                    date: 2019-07-31 23:58:07
(epstopdf)                    size: 137191 bytes
(epstopdf)             Output file: <QvstS-eps-converted-to.pdf>
(epstopdf)                    date: 2019-08-01 00:27:00
(epstopdf)                    size: 181166 bytes
(epstopdf)             Command: <repstopdf --outfile=QvstS-eps-converted-to.pdf
 QvstS.eps>
(epstopdf)             \includegraphics on input line 327.
Package epstopdf Info: Output file is already uptodate.


pdfTeX warning: pdflatex (file ./QvstS-eps-converted-to.pdf): PDF inclusion: fo
und PDF version <1.7>, but at most version <1.5> allowed
<QvstS-eps-converted-to.pdf, id=75, 421.575pt x 316.18124pt>
File: QvstS-eps-converted-to.pdf Graphic file (type pdf)
<use QvstS-eps-converted-to.pdf>
Package pdftex.def Info: QvstS-eps-converted-to.pdf  used on input line 327.
(pdftex.def)             Requested size: 210.78697pt x 158.09023pt.
Package epstopdf Info: Source file: <QvstA.eps>
(epstopdf)                    date: 2019-08-01 00:16:44
(epstopdf)                    size: 125090 bytes
(epstopdf)             Output file: <QvstA-eps-converted-to.pdf>
(epstopdf)                    date: 2019-08-01 00:27:01
(epstopdf)                    size: 136617 bytes
(epstopdf)             Command: <repstopdf --outfile=QvstA-eps-converted-to.pdf
 QvstA.eps>
(epstopdf)             \includegraphics on input line 328.
Package epstopdf Info: Output file is already uptodate.


pdfTeX warning: pdflatex (file ./QvstA-eps-converted-to.pdf): PDF inclusion: fo
und PDF version <1.7>, but at most version <1.5> allowed
<QvstA-eps-converted-to.pdf, id=76, 421.575pt x 316.18124pt>
File: QvstA-eps-converted-to.pdf Graphic file (type pdf)
<use QvstA-eps-converted-to.pdf>
Package pdftex.def Info: QvstA-eps-converted-to.pdf  used on input line 328.
(pdftex.def)             Requested size: 210.78697pt x 158.09023pt.
[5 <./SE1011-eps-converted-to.pdf> <./SE1012-eps-converted-to.pdf> <./FS-2-eps-
converted-to.pdf> <./FS-N-eps-converted-to.pdf>] [6 <./SS-0-eps-converted-to.pd
f> <./SA-0-eps-converted-to.pdf> <./SS-05-eps-converted-to.pdf> <./SA-05-eps-co
nverted-to.pdf> <./SS-127-eps-converted-to.pdf> <./SA-127-eps-converted-to.pdf>
 <./SS-159-eps-converted-to.pdf> <./SA-159-eps-converted-to.pdf>]
Package epstopdf Info: Source file: <EvstS.eps>
(epstopdf)                    date: 2019-08-01 00:04:45
(epstopdf)                    size: 418629 bytes
(epstopdf)             Output file: <EvstS-eps-converted-to.pdf>
(epstopdf)                    date: 2019-08-01 00:28:00
(epstopdf)                    size: 114579 bytes
(epstopdf)             Command: <repstopdf --outfile=EvstS-eps-converted-to.pdf
 EvstS.eps>
(epstopdf)             \includegraphics on input line 335.
Package epstopdf Info: Output file is already uptodate.


pdfTeX warning: pdflatex (file ./EvstS-eps-converted-to.pdf): PDF inclusion: fo
und PDF version <1.7>, but at most version <1.5> allowed
<EvstS-eps-converted-to.pdf, id=181, 421.575pt x 316.18124pt>
File: EvstS-eps-converted-to.pdf Graphic file (type pdf)
<use EvstS-eps-converted-to.pdf>
Package pdftex.def Info: EvstS-eps-converted-to.pdf  used on input line 335.
(pdftex.def)             Requested size: 210.78697pt x 158.09023pt.
Package epstopdf Info: Source file: <EvstA.eps>
(epstopdf)                    date: 2019-08-01 00:20:49
(epstopdf)                    size: 419871 bytes
(epstopdf)             Output file: <EvstA-eps-converted-to.pdf>
(epstopdf)                    date: 2019-08-01 00:28:01
(epstopdf)                    size: 115190 bytes
(epstopdf)             Command: <repstopdf --outfile=EvstA-eps-converted-to.pdf
 EvstA.eps>
(epstopdf)             \includegraphics on input line 336.
Package epstopdf Info: Output file is already uptodate.


pdfTeX warning: pdflatex (file ./EvstA-eps-converted-to.pdf): PDF inclusion: fo
und PDF version <1.7>, but at most version <1.5> allowed
<EvstA-eps-converted-to.pdf, id=182, 421.575pt x 316.18124pt>
File: EvstA-eps-converted-to.pdf Graphic file (type pdf)
<use EvstA-eps-converted-to.pdf>
Package pdftex.def Info: EvstA-eps-converted-to.pdf  used on input line 336.
(pdftex.def)             Requested size: 210.78697pt x 158.09023pt.

Underfull \vbox (badness 3492) has occurred while \output is active []

Package epstopdf Info: Source file: <SPS.eps>
(epstopdf)                    date: 2019-08-01 00:07:02
(epstopdf)                    size: 42043 bytes
(epstopdf)             Output file: <SPS-eps-converted-to.pdf>
(epstopdf)                    date: 2019-08-01 00:28:51
(epstopdf)                    size: 33864 bytes
(epstopdf)             Command: <repstopdf --outfile=SPS-eps-converted-to.pdf S
PS.eps>
(epstopdf)             \includegraphics on input line 343.
Package epstopdf Info: Output file is already uptodate.


pdfTeX warning: pdflatex (file ./SPS-eps-converted-to.pdf): PDF inclusion: foun
d PDF version <1.7>, but at most version <1.5> allowed
<SPS-eps-converted-to.pdf, id=183, 421.575pt x 316.18124pt>
File: SPS-eps-converted-to.pdf Graphic file (type pdf)
<use SPS-eps-converted-to.pdf>
Package pdftex.def Info: SPS-eps-converted-to.pdf  used on input line 343.
(pdftex.def)             Requested size: 172.84686pt x 129.63515pt.
Package epstopdf Info: Source file: <SPS2.eps>
(epstopdf)                    date: 2019-08-01 00:08:32
(epstopdf)                    size: 39843 bytes
(epstopdf)             Output file: <SPS2-eps-converted-to.pdf>
(epstopdf)                    date: 2019-08-01 00:28:52
(epstopdf)                    size: 31317 bytes
(epstopdf)             Command: <repstopdf --outfile=SPS2-eps-converted-to.pdf 
SPS2.eps>
(epstopdf)             \includegraphics on input line 344.
Package epstopdf Info: Output file is already uptodate.


pdfTeX warning: pdflatex (file ./SPS2-eps-converted-to.pdf): PDF inclusion: fou
nd PDF version <1.7>, but at most version <1.5> allowed
<SPS2-eps-converted-to.pdf, id=184, 421.575pt x 316.18124pt>
File: SPS2-eps-converted-to.pdf Graphic file (type pdf)
<use SPS2-eps-converted-to.pdf>
Package pdftex.def Info: SPS2-eps-converted-to.pdf  used on input line 344.
(pdftex.def)             Requested size: 172.84686pt x 129.63515pt.
Package epstopdf Info: Source file: <SPA.eps>
(epstopdf)                    date: 2019-08-01 00:22:26
(epstopdf)                    size: 40331 bytes
(epstopdf)             Output file: <SPA-eps-converted-to.pdf>
(epstopdf)                    date: 2019-08-01 00:28:52
(epstopdf)                    size: 31838 bytes
(epstopdf)             Command: <repstopdf --outfile=SPA-eps-converted-to.pdf S
PA.eps>
(epstopdf)             \includegraphics on input line 345.
Package epstopdf Info: Output file is already uptodate.


pdfTeX warning: pdflatex (file ./SPA-eps-converted-to.pdf): PDF inclusion: foun
d PDF version <1.7>, but at most version <1.5> allowed
<SPA-eps-converted-to.pdf, id=185, 421.575pt x 316.18124pt>
File: SPA-eps-converted-to.pdf Graphic file (type pdf)
<use SPA-eps-converted-to.pdf>
Package pdftex.def Info: SPA-eps-converted-to.pdf  used on input line 345.
(pdftex.def)             Requested size: 172.84686pt x 129.63515pt.
Package epstopdf Info: Source file: <SPA2.eps>
(epstopdf)                    date: 2019-08-01 00:25:31
(epstopdf)                    size: 41135 bytes
(epstopdf)             Output file: <SPA2-eps-converted-to.pdf>
(epstopdf)                    date: 2019-08-01 00:28:53
(epstopdf)                    size: 31959 bytes
(epstopdf)             Command: <repstopdf --outfile=SPA2-eps-converted-to.pdf 
SPA2.eps>
(epstopdf)             \includegraphics on input line 346.
Package epstopdf Info: Output file is already uptodate.


pdfTeX warning: pdflatex (file ./SPA2-eps-converted-to.pdf): PDF inclusion: fou
nd PDF version <1.7>, but at most version <1.5> allowed
<SPA2-eps-converted-to.pdf, id=186, 421.575pt x 316.18124pt>
File: SPA2-eps-converted-to.pdf Graphic file (type pdf)
<use SPA2-eps-converted-to.pdf>
Package pdftex.def Info: SPA2-eps-converted-to.pdf  used on input line 346.
(pdftex.def)             Requested size: 172.84686pt x 129.63515pt.
[7 <./QvstS-eps-converted-to.pdf> <./QvstA-eps-converted-to.pdf> <./EvstS-eps-c
onverted-to.pdf> <./EvstA-eps-converted-to.pdf>]
Underfull \hbox (badness 1221) in paragraph at lines 362--364
[]\OT1/cmr/m/n/10.95 ] N. Eng-he-ta and R. W. Ziol-kows-ki, eds.
 []

[8 <./SPS-eps-converted-to.pdf> <./SPS2-eps-converted-to.pdf> <./SPA-eps-conver
ted-to.pdf> <./SPA2-eps-converted-to.pdf>]
Underfull \hbox (badness 10000) in paragraph at lines 369--370
[]\OT1/cmr/m/n/10.95 ]Gay-Balmaz, Phi-lip-pe; Mar-tin, Oli-vier
 []


Underfull \hbox (badness 6078) in paragraph at lines 369--370
\OT1/cmr/m/n/10.95 J. F. (2002). .[]ectromagnetic re-so-nan-ces
 []


Underfull \hbox (badness 2941) in paragraph at lines 369--370
\OT1/cmr/m/n/10.95 in in-di-vi-dual and coupled split-ring re-so-
 []


Underfull \hbox (badness 5504) in paragraph at lines 369--370
\OT1/cmr/m/n/10.95 na-tors". Jour-nal of Ap-plied Phy-sics. 92
 []


Underfull \hbox (badness 10000) in paragraph at lines 369--370
\OT1/cmr/m/n/10.95 (5): 2929. Bib-co-de:2002JAP....92.2929G.
 []


Underfull \hbox (badness 1057) in paragraph at lines 380--382
[]\OT1/cmr/m/n/10.95 ]I.V. Sha-dri-vov, A.A. Zha-rov, N.A. Zha-ro-
 []


Overfull \hbox (4.42061pt too wide) in paragraph at lines 408--409
[][][][][][][][][][][][][][][][][][] 
 []


Overfull \hbox (17.56075pt too wide) in paragraph at lines 409--410
[][][][][][][][][][][][][][][][][][][][][] 
 []


Overfull \hbox (17.56075pt too wide) in paragraph at lines 415--417
[][][][][][][][][][][][][][][][][][][][][][] 
 []

[9]
LaTeX Font Info:    Try loading font information for OMS+cmr on input line 471.

 (/usr/share/texlive/texmf-dist/tex/latex/base/omscmr.fd
File: omscmr.fd 2014/09/29 v2.5h Standard LaTeX font definitions
)
LaTeX Font Info:    Font shape `OMS/cmr/m/n' in size <10.95> not available
(Font)              Font shape `OMS/cmsy/m/n' tried instead on input line 471.
 [10

] (./SRR'S.aux
LaTeX Info: Redefining \. on input line 6.
LaTeX Info: Redefining \% on input line 6.
)

LaTeX Font Warning: Size substitutions with differences
(Font)              up to 3.5pt have occurred.

 ) 
Here is how much of TeX's memory you used:
 6576 strings out of 492982
 88439 string characters out of 6134896
 189738 words of memory out of 5000000
 9998 multiletter control sequences out of 15000+600000
 19555 words of font info for 75 fonts, out of 8000000 for 9000
 1141 hyphenation exceptions out of 8191
 41i,10n,32p,1550b,1522s stack positions out of 5000i,500n,10000p,200000b,80000s
{/usr/share/texmf/fonts/enc/dvips/cm-super/cm-super-ts1.enc}</usr/share/texli
ve/texmf-dist/fonts/type1/public/amsfonts/cm/cmbx10.pfb></usr/share/texlive/tex
mf-dist/fonts/type1/public/amsfonts/cm/cmbx12.pfb></usr/share/texlive/texmf-dis
t/fonts/type1/public/amsfonts/cm/cmbxti10.pfb></usr/share/texlive/texmf-dist/fo
nts/type1/public/amsfonts/cm/cmex10.pfb></usr/share/texlive/texmf-dist/fonts/ty
pe1/public/amsfonts/cmextra/cmex7.pfb></usr/share/texlive/texmf-dist/fonts/type
1/public/amsfonts/cmextra/cmex8.pfb></usr/share/texlive/texmf-dist/fonts/type1/
public/amsfonts/cmextra/cmex9.pfb></usr/share/texlive/texmf-dist/fonts/type1/pu
blic/amsfonts/cm/cmmi10.pfb></usr/share/texlive/texmf-dist/fonts/type1/public/a
msfonts/cm/cmmi5.pfb></usr/share/texlive/texmf-dist/fonts/type1/public/amsfonts
/cm/cmmi6.pfb></usr/share/texlive/texmf-dist/fonts/type1/public/amsfonts/cm/cmm
i7.pfb></usr/share/texlive/texmf-dist/fonts/type1/public/amsfonts/cm/cmmi8.pfb>
</usr/share/texlive/texmf-dist/fonts/type1/public/amsfonts/cm/cmmi9.pfb></usr/s
hare/texlive/texmf-dist/fonts/type1/public/amsfonts/cm/cmr10.pfb></usr/share/te
xlive/texmf-dist/fonts/type1/public/amsfonts/cm/cmr5.pfb></usr/share/texlive/te
xmf-dist/fonts/type1/public/amsfonts/cm/cmr6.pfb></usr/share/texlive/texmf-dist
/fonts/type1/public/amsfonts/cm/cmr7.pfb></usr/share/texlive/texmf-dist/fonts/t
ype1/public/amsfonts/cm/cmr8.pfb></usr/share/texlive/texmf-dist/fonts/type1/pub
lic/amsfonts/cm/cmr9.pfb></usr/share/texlive/texmf-dist/fonts/type1/public/amsf
onts/cm/cmsy10.pfb></usr/share/texlive/texmf-dist/fonts/type1/public/amsfonts/c
m/cmsy5.pfb></usr/share/texlive/texmf-dist/fonts/type1/public/amsfonts/cm/cmsy6
.pfb></usr/share/texlive/texmf-dist/fonts/type1/public/amsfonts/cm/cmsy7.pfb></
usr/share/texlive/texmf-dist/fonts/type1/public/amsfonts/cm/cmsy8.pfb></usr/sha
re/texlive/texmf-dist/fonts/type1/public/amsfonts/cm/cmsy9.pfb></usr/share/texl
ive/texmf-dist/fonts/type1/public/amsfonts/cm/cmti10.pfb></usr/share/texmf/font
s/type1/public/cm-super/sfbx2074.pfb></usr/share/texmf/fonts/type1/public/cm-su
per/sfrm1095.pfb></usr/share/texmf/fonts/type1/public/cm-super/sfti1000.pfb>
Output written on SRR'S.pdf (10 pages, 1386563 bytes).
PDF statistics:
 361 PDF objects out of 1000 (max. 8388607)
 236 compressed objects within 3 object streams
 0 named destinations out of 1000 (max. 500000)
 116 words of extra memory for PDF output out of 10000 (max. 10000000)

